{
  "stats": {
    "suites": 0,
    "tests": 1,
    "passes": 0,
    "pending": 0,
    "failures": 1,
    "start": "2026-07-13T07:07:24.085Z",
    "end": "2026-07-13T07:07:24.175Z",
    "duration": 90,
    "testsRegistered": 1,
    "passPercent": 0,
    "pendingPercent": 0,
    "other": 0,
    "hasOther": false,
    "skipped": 0,
    "hasSkipped": false
  },
  "results": [
    {
      "uuid": "b7072685-a60a-4fe9-993b-86976f73bc79",
      "title": "",
      "fullFile": "cypress/e2e/features/login.feature",
      "file": "cypress/e2e/features/login.feature",
      "beforeHooks": [],
      "afterHooks": [],
      "tests": [
        {
          "title": "An uncaught error was detected outside of a test",
          "fullTitle": "An uncaught error was detected outside of a test",
          "timedOut": null,
          "duration": 82,
          "state": "failed",
          "speed": null,
          "pass": false,
          "fail": true,
          "pending": false,
          "context": "{\n  \"title\": \"cypress-mochawesome-reporter-screenshots\",\n  \"value\": [\n    [\n      \"/login.feature/An uncaught error was detected outside of a test (failed).png\"\n    ]\n  ]\n}",
          "code": "throw err;",
          "err": {
            "message": "CypressError: The following error originated from your test code, not from Cypress.\n\n  > `Cypress.env()` does not work when `allowCypressEnv` is set to `false`. Please migrate to `cy.env()` or leverage other stateful methods to manage variables. The variable being accessed was: `undefined`\n\nWhen Cypress detects uncaught errors originating from your test code it will automatically fail the current test.\n\nCypress could not associate this error to any specific test.\n\nWe dynamically generated a new test to display this failure.\n\nhttps://on.cypress.io/cypress-env-migration",
            "estack": "CypressError: The following error originated from your test code, not from Cypress.\n\n  > `Cypress.env()` does not work when `allowCypressEnv` is set to `false`. Please migrate to `cy.env()` or leverage other stateful methods to manage variables. The variable being accessed was: `undefined`\n\nWhen Cypress detects uncaught errors originating from your test code it will automatically fail the current test.\n\nCypress could not associate this error to any specific test.\n\nWe dynamically generated a new test to display this failure.\n\nhttps://on.cypress.io/cypress-env-migration\n    at cypressErr (http://localhost:49456/__cypress/runner/cypress_runner.js:75857:18)\n    at Object.errByPath (http://localhost:49456/__cypress/runner/cypress_runner.js:75915:10)\n    at $Cypress.failCypressEnvWithWarning [as env] (http://localhost:49456/__cypress/runner/cypress_runner.js:41655:81)\n    at createTests2 (http://localhost:49456/__cypress/tests?p=cypress/e2e/features/login.feature:12681:70)\n    at eval (http://localhost:49456/__cypress/tests?p=cypress/e2e/features/login.feature:13210:3)\n    at eval (http://localhost:49456/__cypress/tests?p=cypress/e2e/features/login.feature:13211:3)\n    at eval (<anonymous>)\n    at <unknown> (http://localhost:49456/__cypress/runner/cypress_runner.js:111643:23)\n    at tryCatcher (http://localhost:49456/__cypress/runner/cypress_runner.js:1777:23)\n    at Object.gotValue (http://localhost:49456/__cypress/runner/cypress_runner.js:6446:18)\n    at Object.gotAccum (http://localhost:49456/__cypress/runner/cypress_runner.js:6435:25)\n    at Object.tryCatcher (http://localhost:49456/__cypress/runner/cypress_runner.js:1777:23)\n    at Promise._settlePromiseFromHandler (http://localhost:49456/__cypress/runner/cypress_runner.js:1489:31)\n    at Promise._settlePromise (http://localhost:49456/__cypress/runner/cypress_runner.js:1546:18)\n    at Promise._settlePromise0 (http://localhost:49456/__cypress/runner/cypress_runner.js:1591:10)\n    at Promise._settlePromises (http://localhost:49456/__cypress/runner/cypress_runner.js:1671:18)\n    at _drainQueueStep (http://localhost:49456/__cypress/runner/cypress_runner.js:2377:12)\n    at _drainQueue (http://localhost:49456/__cypress/runner/cypress_runner.js:2370:9)\n    at Async._drainQueues (http://localhost:49456/__cypress/runner/cypress_runner.js:2386:5)\n    at Async.drainQueues (http://localhost:49456/__cypress/runner/cypress_runner.js:2256:14)",
            "diff": null
          },
          "uuid": "5adbdab7-e104-43a3-b69f-88fefe736c05",
          "parentUUID": "b7072685-a60a-4fe9-993b-86976f73bc79",
          "isHook": false,
          "skipped": false
        }
      ],
      "suites": [],
      "passes": [],
      "failures": [
        "5adbdab7-e104-43a3-b69f-88fefe736c05"
      ],
      "pending": [],
      "skipped": [],
      "duration": 82,
      "root": true,
      "rootEmpty": false,
      "_timeout": 2000
    }
  ],
  "meta": {
    "mocha": {
      "version": "7.2.0"
    },
    "mochawesome": {
      "options": {
        "quiet": false,
        "reportFilename": "mochawesome",
        "saveHtml": false,
        "saveJson": true,
        "consoleReporter": "spec",
        "useInlineDiffs": false,
        "code": true
      },
      "version": "7.1.4"
    },
    "marge": {
      "options": {
        "reportDir": "mochawesome-report/.jsons",
        "overwrite": false,
        "html": false,
        "json": true,
        "embeddedScreenshots": true,
        "inlineAssets": true
      },
      "version": "6.3.2"
    }
  }
}